<?xml version="1.0" encoding="UTF-8"?>
<!-- Generated by org.testng.reporters.JUnitReportReporter -->
<testsuite hostname="DESKTOP-ABS5AQM" failures="0" tests="1" name="test.Stack" time="18.353" errors="0" timestamp="2022-07-02T21:05:01 IST" skipped="0">
  <testcase classname="test.Stack" name="signUp" time="18.353"/>
  <system-out/>
</testsuite> <!-- test.Stack -->
